<?xml version="1.0" encoding="UTF-8"?>
<!-- Generated by org.testng.reporters.JUnitReportReporter -->
<testsuite hostname="VW_PC_George" name="Test.TestFormulario" tests="1" failures="0" timestamp="29 Feb 2020 23:26:21 GMT" time="11.162" errors="0">
  <testcase name="RegistrarFormulario" time="11.162" classname="Test.TestFormulario"/>
</testsuite> <!-- Test.TestFormulario -->
